2025-08-16 15:05:44.407 [info] [main] Log level: Info
2025-08-16 15:05:44.407 [info] [main] Validating found git in: "git"
2025-08-16 15:05:44.407 [info] [main] Using git "2.50.1" from "git"
2025-08-16 15:05:44.407 [info] [Model][doInitialScan] Initial repository scan started
2025-08-16 15:05:44.407 [info] [Model][doInitialScan] Initial repository scan completed - repositories (0), closed repositories (0), parent repositories (0), unsafe repositories (0)
2025-08-16 15:06:00.988 [info] [main] Log level: Info
2025-08-16 15:06:00.988 [info] [main] Validating found git in: "git"
2025-08-16 15:06:00.988 [info] [main] Using git "2.50.1" from "git"
2025-08-16 15:06:00.988 [info] [Model][doInitialScan] Initial repository scan started
2025-08-16 15:06:00.988 [info] > git rev-parse --show-toplevel [3ms]
2025-08-16 15:06:00.988 [info] fatal: not a git repository (or any of the parent directories): .git
2025-08-16 15:06:00.988 [info] [Model][doInitialScan] Initial repository scan completed - repositories (0), closed repositories (0), parent repositories (0), unsafe repositories (0)
2025-08-16 15:06:01.016 [info] > git rev-parse --show-toplevel [1ms]
2025-08-16 15:06:01.016 [info] fatal: not a git repository (or any of the parent directories): .git
2025-08-16 15:06:02.214 [info] > git rev-parse --show-toplevel [1ms]
2025-08-16 15:06:02.214 [info] fatal: not a git repository (or any of the parent directories): .git
2025-08-16 15:06:25.822 [info] > git rev-parse --show-toplevel [1ms]
2025-08-16 15:06:25.822 [info] fatal: not a git repository (or any of the parent directories): .git
2025-08-16 15:08:14.162 [info] > git rev-parse --show-toplevel [1ms]
2025-08-16 15:08:14.162 [info] fatal: not a git repository (or any of the parent directories): .git
2025-08-16 15:08:42.556 [info] > git rev-parse --show-toplevel [1ms]
2025-08-16 15:08:42.556 [info] fatal: not a git repository (or any of the parent directories): .git
